[debug] [2025-05-06T15:00:59.999Z] ----------------------------------------------------------------------
[debug] [2025-05-06T15:01:00.014Z] Command:       C:\Program Files\nodejs\node.exe C:\Users\1208n\AppData\Roaming\npm\node_modules\firebase-tools\lib\bin\firebase.js init
[debug] [2025-05-06T15:01:00.015Z] CLI Version:   14.2.2
[debug] [2025-05-06T15:01:00.015Z] Platform:      win32
[debug] [2025-05-06T15:01:00.015Z] Node Version:  v20.10.0
[debug] [2025-05-06T15:01:00.016Z] Time:          Wed May 07 2025 00:01:00 GMT+0900 (日本標準時)
[debug] [2025-05-06T15:01:00.016Z] ----------------------------------------------------------------------
[debug] 
[debug] [2025-05-06T15:01:00.018Z] >>> [apiv2][query] GET https://firebase-public.firebaseio.com/cli.json [none]
[debug] [2025-05-06T15:01:00.081Z] > command requires scopes: ["email","openid","https://www.googleapis.com/auth/cloudplatformprojects.readonly","https://www.googleapis.com/auth/firebase","https://www.googleapis.com/auth/cloud-platform"]
[debug] [2025-05-06T15:01:00.082Z] > authorizing via signed-in user (1548suzuki@gmail.com)
[info] 
     ######## #### ########  ######## ########     ###     ######  ########
     ##        ##  ##     ## ##       ##     ##  ##   ##  ##       ##
     ######    ##  ########  ######   ########  #########  ######  ######
     ##        ##  ##    ##  ##       ##     ## ##     ##       ## ##
     ##       #### ##     ## ######## ########  ##     ##  ######  ########

You're about to initialize a Firebase project in this directory:

  C:\work\python-app-202505

Before we get started, keep in mind:

  * You are currently outside your home directory

[debug] [2025-05-06T15:01:00.447Z] <<< [apiv2][status] GET https://firebase-public.firebaseio.com/cli.json 200
[debug] [2025-05-06T15:01:00.447Z] <<< [apiv2][body] GET https://firebase-public.firebaseio.com/cli.json {"cloudBuildErrorAfter":1594252800000,"cloudBuildWarnAfter":1590019200000,"defaultNode10After":1594252800000,"minVersion":"3.0.5","node8DeploysDisabledAfter":1613390400000,"node8RuntimeDisabledAfter":1615809600000,"node8WarnAfter":1600128000000}
